<!DOCTYPE html PUBLIC "-//W3C//DTD XHTML 1.1//EN" "https://www.w3.org/TR/xhtml11/DTD/xhtml11.dtd">
<html xmlns="https://www.w3.org/1999/xhtml">
<head>
<meta http-equiv="content-type" content="text/html; charset=UTF-8"/>
<title>TestNG Report</title>
<style type="text/css">table {margin-bottom:10px;border-collapse:collapse;empty-cells:show}th,td {border:1px solid #009;padding:.25em .5em}th {vertical-align:bottom}td {vertical-align:top}table a {font-weight:bold}.stripe td {background-color: #E6EBF9}.num {text-align:right}.passedodd td {background-color: #3F3}.passedeven td {background-color: #0A0}.skippedodd td {background-color: #DDD}.skippedeven td {background-color: #CCC}.failedodd td,.attn {background-color: #F33}.failedeven td,.stripe .attn {background-color: #D00}.stacktrace {white-space:pre;font-family:monospace}.totop {font-size:85%;text-align:center;border-bottom:2px solid #000}.invisible {display:none}</style>
</head>
<body>
<table>
<tr><th>Test</th><th># Passed</th><th># Skipped</th><th># Retried</th><th># Failed</th><th>Time (ms)</th><th>Included Groups</th><th>Excluded Groups</th></tr>
<<<<<<< HEAD
<tr><th colspan="8">TestSuiteInsertVD</th></tr>
<tr><td><a href="#t0">TM1</a></td><td class="num">4</td><td class="num">0</td><td class="num">0</td><td class="num">0</td><td class="num">23,999</td><td></td><td></td></tr>
<tr class="stripe"><td><a href="#t1">TM2</a></td><td class="num">2</td><td class="num">0</td><td class="num">0</td><td class="num attn">2</td><td class="num">16,484</td><td></td><td></td></tr>
<tr><td><a href="#t2">TM3</a></td><td class="num">2</td><td class="num">0</td><td class="num">0</td><td class="num attn">2</td><td class="num">16,533</td><td></td><td></td></tr>
<tr><th>Total</th><th class="num">8</th><th class="num">0</th><th class="num">0</th><th class="num attn">4</th><th class="num">57,016</th><th colspan="2"></th></tr>
</table>
<table id='summary'><thead><tr><th>Class</th><th>Method</th><th>Start</th><th>Time (ms)</th></tr></thead><tbody><tr><th colspan="4">TestSuiteInsertVD</th></tr></tbody><tbody id="t0"><tr><th colspan="4">TM1 &#8212; passed</th></tr><tr class="passedeven"><td rowspan="4">test.Khanh.Test_Editing_Delete_VD</td><td><a href="#m0">DeleteVideoOnTable</a></td><td rowspan="1">1669373068665</td><td rowspan="1">2388</td></tr><tr class="passedeven"><td><a href="#m1">DoCreate</a></td><td rowspan="1">1669373067221</td><td rowspan="1">1443</td></tr><tr class="passedeven"><td><a href="#m2">Fill_VideoEdit_Detail</a></td><td rowspan="1">1669373066882</td><td rowspan="1">335</td></tr><tr class="passedeven"><td><a href="#m3">OpenWebsite</a></td><td rowspan="1">1669373064695</td><td rowspan="1">2181</td></tr></tbody>
<tbody id="t1"><tr><th colspan="4">TM2 &#8212; failed</th></tr><tr class="failedeven"><td rowspan="2">test.Khanh.Test_Editing_Delete_VD</td><td><a href="#m4">DeleteVideoOnTable</a></td><td rowspan="1">1669373096524</td><td rowspan="1">7103</td></tr><tr class="failedeven"><td><a href="#m5">DoCreate</a></td><td rowspan="1">1669373090424</td><td rowspan="1">6100</td></tr><tr><th colspan="4">TM2 &#8212; passed</th></tr><tr class="passedeven"><td rowspan="2">test.Khanh.Test_Editing_Delete_VD</td><td><a href="#m6">Fill_VideoEdit_Detail</a></td><td rowspan="1">1669373090151</td><td rowspan="1">272</td></tr><tr class="passedeven"><td><a href="#m7">OpenWebsite</a></td><td rowspan="1">1669373088006</td><td rowspan="1">2144</td></tr></tbody>
<tbody id="t2"><tr><th colspan="4">TM3 &#8212; failed</th></tr><tr class="failedeven"><td rowspan="2">test.Khanh.Test_Editing_Delete_VD</td><td><a href="#m8">DeleteVideoOnTable</a></td><td rowspan="1">1669373113052</td><td rowspan="1">7105</td></tr><tr class="failedeven"><td><a href="#m9">DoCreate</a></td><td rowspan="1">1669373106972</td><td rowspan="1">6080</td></tr><tr><th colspan="4">TM3 &#8212; passed</th></tr><tr class="passedeven"><td rowspan="2">test.Khanh.Test_Editing_Delete_VD</td><td><a href="#m10">Fill_VideoEdit_Detail</a></td><td rowspan="1">1669373106648</td><td rowspan="1">321</td></tr><tr class="passedeven"><td><a href="#m11">OpenWebsite</a></td><td rowspan="1">1669373104509</td><td rowspan="1">2139</td></tr></tbody>
</table>
<h2>TM1</h2><h3 id="m0">test.Khanh.Test_Editing_Delete_VD#DeleteVideoOnTable</h3><table class="result"><tr><th class="invisible"/></tr></table><p class="totop"><a href="#summary">back to summary</a></p>
<h3 id="m1">test.Khanh.Test_Editing_Delete_VD#DoCreate</h3><table class="result"><tr><th class="invisible"/></tr></table><p class="totop"><a href="#summary">back to summary</a></p>
<h3 id="m2">test.Khanh.Test_Editing_Delete_VD#Fill_VideoEdit_Detail</h3><table class="result"><tr class="param"><th>Parameter #1</th><th>Parameter #2</th><th>Parameter #3</th><th>Parameter #4</th><th>Parameter #5</th></tr><tr class="param stripe"><td>123</td><td>Wakanda Forever</td><td>0</td><td>Wakanda Forever</td><td>/src/main/webapp/user/images/uploads/wakanda.jpg</td></tr></table><p class="totop"><a href="#summary">back to summary</a></p>
<h3 id="m3">test.Khanh.Test_Editing_Delete_VD#OpenWebsite</h3><table class="result"><tr><th class="invisible"/></tr></table><p class="totop"><a href="#summary">back to summary</a></p>
<h2>TM2</h2><h3 id="m4">test.Khanh.Test_Editing_Delete_VD#DeleteVideoOnTable</h3><table class="result"><tr><th>Exception</th></tr><tr><td><div class="stacktrace">java.lang.AssertionError: 
	at test.Khanh.Test_Editing_Delete_VD.DeleteVideoOnTable(Test_Editing_Delete_VD.java:141)
	at java.base/java.util.ArrayList.forEach(ArrayList.java:1511)
... Removed 28 stack frames</div></td></tr></table><p class="totop"><a href="#summary">back to summary</a></p>
<h3 id="m5">test.Khanh.Test_Editing_Delete_VD#DoCreate</h3><table class="result"><tr><th>Exception</th></tr><tr><td><div class="stacktrace">java.lang.AssertionError: 
	at test.Khanh.Test_Editing_Delete_VD.DoCreate(Test_Editing_Delete_VD.java:115)
	at java.base/java.util.ArrayList.forEach(ArrayList.java:1511)
... Removed 28 stack frames</div></td></tr></table><p class="totop"><a href="#summary">back to summary</a></p>
<h3 id="m6">test.Khanh.Test_Editing_Delete_VD#Fill_VideoEdit_Detail</h3><table class="result"><tr class="param"><th>Parameter #1</th><th>Parameter #2</th><th>Parameter #3</th><th>Parameter #4</th><th>Parameter #5</th></tr><tr class="param stripe"><td></td><td></td><td>0</td><td></td><td></td></tr></table><p class="totop"><a href="#summary">back to summary</a></p>
<h3 id="m7">test.Khanh.Test_Editing_Delete_VD#OpenWebsite</h3><table class="result"><tr><th class="invisible"/></tr></table><p class="totop"><a href="#summary">back to summary</a></p>
<h2>TM3</h2><h3 id="m8">test.Khanh.Test_Editing_Delete_VD#DeleteVideoOnTable</h3><table class="result"><tr><th>Exception</th></tr><tr><td><div class="stacktrace">java.lang.AssertionError: 
	at test.Khanh.Test_Editing_Delete_VD.DeleteVideoOnTable(Test_Editing_Delete_VD.java:141)
	at java.base/java.util.ArrayList.forEach(ArrayList.java:1511)
... Removed 28 stack frames</div></td></tr></table><p class="totop"><a href="#summary">back to summary</a></p>
<h3 id="m9">test.Khanh.Test_Editing_Delete_VD#DoCreate</h3><table class="result"><tr><th>Exception</th></tr><tr><td><div class="stacktrace">java.lang.AssertionError: 
	at test.Khanh.Test_Editing_Delete_VD.DoCreate(Test_Editing_Delete_VD.java:115)
	at java.base/java.util.ArrayList.forEach(ArrayList.java:1511)
... Removed 28 stack frames</div></td></tr></table><p class="totop"><a href="#summary">back to summary</a></p>
<h3 id="m10">test.Khanh.Test_Editing_Delete_VD#Fill_VideoEdit_Detail</h3><table class="result"><tr class="param"><th>Parameter #1</th><th>Parameter #2</th><th>Parameter #3</th><th>Parameter #4</th><th>Parameter #5</th></tr><tr class="param stripe"><td></td><td></td><td>0</td><td>Wakanda Forever</td><td>/src/main/webapp/user/images/uploads/wakanda.jpg</td></tr></table><p class="totop"><a href="#summary">back to summary</a></p>
<h3 id="m11">test.Khanh.Test_Editing_Delete_VD#OpenWebsite</h3><table class="result"><tr><th class="invisible"/></tr></table><p class="totop"><a href="#summary">back to summary</a></p>
=======
<tr><th colspan="8">Default suite</th></tr>
<tr><td><a href="#t0">Default test</a></td><td class="num">0</td><td class="num">0</td><td class="num">0</td><td class="num attn">3</td><td class="num">6,239</td><td></td><td></td></tr>
</table>
<table id='summary'><thead><tr><th>Class</th><th>Method</th><th>Start</th><th>Time (ms)</th></tr></thead><tbody><tr><th colspan="4">Default suite</th></tr></tbody><tbody id="t0"><tr><th colspan="4">Default test &#8212; failed</th></tr><tr class="failedeven"><td rowspan="3">test.Huy.TestDk</td><td><a href="#m0">DoRegister</a></td><td rowspan="1">1669426324361</td><td rowspan="1">1113</td></tr><tr class="failedeven"><td><a href="#m1">FillRegisterDetails</a></td><td rowspan="1">1669426324359</td><td rowspan="1">0</td></tr><tr class="failedeven"><td><a href="#m2">lauchWebsite</a></td><td rowspan="1">1669426321121</td><td rowspan="1">3232</td></tr></tbody>
</table>
<h2>Default test</h2><h3 id="m0">test.Huy.TestDk#DoRegister</h3><table class="result"><tr><th>Exception</th></tr><tr><td><div class="stacktrace">java.lang.AssertionError: 
	at org.testng.AssertJUnit.fail(AssertJUnit.java:65)
	at org.testng.AssertJUnit.assertTrue(AssertJUnit.java:23)
	at org.testng.AssertJUnit.assertTrue(AssertJUnit.java:33)
	at test.Huy.TestDk.DoRegister(TestDk.java:108)
	at java.base/jdk.internal.reflect.DirectMethodHandleAccessor.invoke(DirectMethodHandleAccessor.java:104)
	at java.base/java.lang.reflect.Method.invoke(Method.java:577)
	at org.testng.internal.MethodInvocationHelper.invokeMethod(MethodInvocationHelper.java:133)
	at org.testng.internal.TestInvoker.invokeMethod(TestInvoker.java:598)
	at org.testng.internal.TestInvoker.invokeTestMethod(TestInvoker.java:173)
	at org.testng.internal.MethodRunner.runInSequence(MethodRunner.java:46)
	at org.testng.internal.TestInvoker$MethodInvocationAgent.invoke(TestInvoker.java:824)
	at org.testng.internal.TestInvoker.invokeTestMethods(TestInvoker.java:146)
	at org.testng.internal.TestMethodWorker.invokeTestMethods(TestMethodWorker.java:146)
	at org.testng.internal.TestMethodWorker.run(TestMethodWorker.java:128)
	at java.base/java.util.ArrayList.forEach(ArrayList.java:1511)
	at org.testng.TestRunner.privateRun(TestRunner.java:794)
	at org.testng.TestRunner.run(TestRunner.java:596)
	at org.testng.SuiteRunner.runTest(SuiteRunner.java:377)
	at org.testng.SuiteRunner.runSequentially(SuiteRunner.java:371)
	at org.testng.SuiteRunner.privateRun(SuiteRunner.java:332)
	at org.testng.SuiteRunner.run(SuiteRunner.java:276)
	at org.testng.SuiteRunnerWorker.runSuite(SuiteRunnerWorker.java:53)
	at org.testng.SuiteRunnerWorker.run(SuiteRunnerWorker.java:96)
	at org.testng.TestNG.runSuitesSequentially(TestNG.java:1212)
	at org.testng.TestNG.runSuitesLocally(TestNG.java:1134)
	at org.testng.TestNG.runSuites(TestNG.java:1063)
	at org.testng.TestNG.run(TestNG.java:1031)
	at org.testng.remote.AbstractRemoteTestNG.run(AbstractRemoteTestNG.java:115)
	at org.testng.remote.RemoteTestNG.initAndRun(RemoteTestNG.java:251)
	at org.testng.remote.RemoteTestNG.main(RemoteTestNG.java:77)
</div></td></tr></table><p class="totop"><a href="#summary">back to summary</a></p>
<h3 id="m1">test.Huy.TestDk#FillRegisterDetails</h3><table class="result"><tr><th>Exception</th></tr><tr><td><div class="stacktrace">org.testng.TestNGException: 
Parameter &apos;username&apos; is required by @Test on method FillRegisterDetails but has not been marked @Optional or defined
in C:\Users\pc\AppData\Local\Temp\testng-eclipse--1604546337\testng-customsuite.xml
	at org.testng.internal.Parameters.createParams(Parameters.java:270)
	at org.testng.internal.Parameters.createParametersForMethod(Parameters.java:358)
	at org.testng.internal.Parameters.createParameters(Parameters.java:700)
	at org.testng.internal.Parameters.handleParameters(Parameters.java:884)
	at org.testng.internal.Parameters.handleParameters(Parameters.java:740)
	at org.testng.internal.ParameterHandler.handleParameters(ParameterHandler.java:59)
	at org.testng.internal.ParameterHandler.createParameters(ParameterHandler.java:38)
	at org.testng.internal.TestInvoker$MethodInvocationAgent.invoke(TestInvoker.java:791)
	at org.testng.internal.TestInvoker.invokeTestMethods(TestInvoker.java:146)
	at org.testng.internal.TestMethodWorker.invokeTestMethods(TestMethodWorker.java:146)
	at org.testng.internal.TestMethodWorker.run(TestMethodWorker.java:128)
	at java.base/java.util.ArrayList.forEach(ArrayList.java:1511)
	at org.testng.TestRunner.privateRun(TestRunner.java:794)
	at org.testng.TestRunner.run(TestRunner.java:596)
	at org.testng.SuiteRunner.runTest(SuiteRunner.java:377)
	at org.testng.SuiteRunner.runSequentially(SuiteRunner.java:371)
	at org.testng.SuiteRunner.privateRun(SuiteRunner.java:332)
	at org.testng.SuiteRunner.run(SuiteRunner.java:276)
	at org.testng.SuiteRunnerWorker.runSuite(SuiteRunnerWorker.java:53)
	at org.testng.SuiteRunnerWorker.run(SuiteRunnerWorker.java:96)
	at org.testng.TestNG.runSuitesSequentially(TestNG.java:1212)
	at org.testng.TestNG.runSuitesLocally(TestNG.java:1134)
	at org.testng.TestNG.runSuites(TestNG.java:1063)
	at org.testng.TestNG.run(TestNG.java:1031)
	at org.testng.remote.AbstractRemoteTestNG.run(AbstractRemoteTestNG.java:115)
	at org.testng.remote.RemoteTestNG.initAndRun(RemoteTestNG.java:251)
	at org.testng.remote.RemoteTestNG.main(RemoteTestNG.java:77)
</div></td></tr></table><p class="totop"><a href="#summary">back to summary</a></p>
<h3 id="m2">test.Huy.TestDk#lauchWebsite</h3><table class="result"><tr><th>Exception</th></tr><tr><td><div class="stacktrace">java.lang.AssertionError: 
	at org.testng.AssertJUnit.fail(AssertJUnit.java:65)
	at org.testng.AssertJUnit.assertTrue(AssertJUnit.java:23)
	at org.testng.AssertJUnit.assertTrue(AssertJUnit.java:33)
	at test.Huy.TestDk.lauchWebsite(TestDk.java:60)
	at java.base/jdk.internal.reflect.DirectMethodHandleAccessor.invoke(DirectMethodHandleAccessor.java:104)
	at java.base/java.lang.reflect.Method.invoke(Method.java:577)
	at org.testng.internal.MethodInvocationHelper.invokeMethod(MethodInvocationHelper.java:133)
	at org.testng.internal.TestInvoker.invokeMethod(TestInvoker.java:598)
	at org.testng.internal.TestInvoker.invokeTestMethod(TestInvoker.java:173)
	at org.testng.internal.MethodRunner.runInSequence(MethodRunner.java:46)
	at org.testng.internal.TestInvoker$MethodInvocationAgent.invoke(TestInvoker.java:824)
	at org.testng.internal.TestInvoker.invokeTestMethods(TestInvoker.java:146)
	at org.testng.internal.TestMethodWorker.invokeTestMethods(TestMethodWorker.java:146)
	at org.testng.internal.TestMethodWorker.run(TestMethodWorker.java:128)
	at java.base/java.util.ArrayList.forEach(ArrayList.java:1511)
	at org.testng.TestRunner.privateRun(TestRunner.java:794)
	at org.testng.TestRunner.run(TestRunner.java:596)
	at org.testng.SuiteRunner.runTest(SuiteRunner.java:377)
	at org.testng.SuiteRunner.runSequentially(SuiteRunner.java:371)
	at org.testng.SuiteRunner.privateRun(SuiteRunner.java:332)
	at org.testng.SuiteRunner.run(SuiteRunner.java:276)
	at org.testng.SuiteRunnerWorker.runSuite(SuiteRunnerWorker.java:53)
	at org.testng.SuiteRunnerWorker.run(SuiteRunnerWorker.java:96)
	at org.testng.TestNG.runSuitesSequentially(TestNG.java:1212)
	at org.testng.TestNG.runSuitesLocally(TestNG.java:1134)
	at org.testng.TestNG.runSuites(TestNG.java:1063)
	at org.testng.TestNG.run(TestNG.java:1031)
	at org.testng.remote.AbstractRemoteTestNG.run(AbstractRemoteTestNG.java:115)
	at org.testng.remote.RemoteTestNG.initAndRun(RemoteTestNG.java:251)
	at org.testng.remote.RemoteTestNG.main(RemoteTestNG.java:77)
</div></td></tr></table><p class="totop"><a href="#summary">back to summary</a></p>
>>>>>>> origin/Huy
</body>
</html>
